<?xml version="1.0" encoding="UTF-8"?>
<!-- Generated by org.testng.reporters.JUnitXMLReporter -->
<testsuite ignored="0" hostname="TVMA-LAPW0049" failures="0" tests="5" name="Test" time="76.26" errors="0" timestamp="2024-06-25T13:41:37 IST">
  <testcase classname="testCases.TC003_DDTLoginTest" name="verify_LoginDDT" time="1.42"/>
  <testcase classname="testCases.TC003_DDTLoginTest" name="verify_LoginDDT" time="20.87"/>
  <testcase classname="testCases.TC003_DDTLoginTest" name="verify_LoginDDT" time="21.03"/>
  <testcase classname="testCases.TC003_DDTLoginTest" name="verify_LoginDDT" time="21.124"/>
  <testcase classname="testCases.TC003_DDTLoginTest" name="verify_LoginDDT" time="6.463"/>
</testsuite> <!-- Test -->
