<?xml version="1.0" encoding="UTF-8"?>
<testsuite xmlns:xsi="http://www.w3.org/2001/XMLSchema-instance" xsi:noNamespaceSchemaLocation="https://maven.apache.org/surefire/maven-surefire-plugin/xsd/surefire-test-report.xsd" version="3.0.1" name="TestSuite" time="78.519" tests="5" errors="0" skipped="0" failures="0">
  <properties>
[...]
</properties>
  <testcase name="verify_LoginDDT[mondler123@gmail.com, Mypractice123$, Valid](1)" classname="testCases.TC003_DDTLoginTest" time="1.44">
    <system-err><![CDATA[Jun 25, 2024 1:40:22 PM org.openqa.selenium.devtools.CdpVersionFinder findNearestMatch
WARNING: Unable to find an exact match for CDP version 126, returning the closest version; found: 125; Please update to a Selenium version that supports CDP version 126
]]></system-err>
  </testcase>
  <testcase name="verify_LoginDDT[abc@5412@gmail.com, Mytesting123$1, invalid](2)" classname="testCases.TC003_DDTLoginTest" time="20.871"/>
  <testcase name="verify_LoginDDT[abc@5413@gmail.com, Mytesting123$2, invalid](3)" classname="testCases.TC003_DDTLoginTest" time="21.033"/>
  <testcase name="verify_LoginDDT[abc@5413@gmail.com, Mytesting123$3, invalid](4)" classname="testCases.TC003_DDTLoginTest" time="21.122"/>
  <testcase name="verify_LoginDDT[abc123@gmail.com, test@123, valid](5)" classname="testCases.TC003_DDTLoginTest" time="6.463"/>
</testsuite>