<?xml version="1.0" encoding="UTF-8"?>
<testng-results ignored="0" total="5" passed="5" failed="0" skipped="0">
  <reporter-output>
  </reporter-output>
  <suite started-at="2024-06-25T13:40:20 IST" name="Master Suite" finished-at="2024-06-25T13:41:36 IST" duration-ms="76260">
    <groups>
      <group name="DataDriven">
        <method signature="TC003_DDTLoginTest.verify_LoginDDT(java.lang.String,java.lang.String,java.lang.String)[pri:0, instance:testCases.TC003_DDTLoginTest@1a9c38eb]" name="verify_LoginDDT" class="testCases.TC003_DDTLoginTest"/>
      </group> <!-- DataDriven -->
    </groups>
    <test started-at="2024-06-25T13:40:20 IST" name="Test" finished-at="2024-06-25T13:41:36 IST" duration-ms="76260">
      <class name="testCases.TC003_DDTLoginTest">
        <test-method is-config="true" signature="setup(java.lang.String,java.lang.String)[pri:0, instance:testCases.TC003_DDTLoginTest@1a9c38eb]" started-at="2024-06-25T13:40:20 IST" name="setup" finished-at="2024-06-25T13:40:24 IST" duration-ms="3579" status="PASS">
          <params>
            <param index="0">
              <value>
                <![CDATA[windows]]>
              </value>
            </param>
            <param index="1">
              <value>
                <![CDATA[chrome]]>
              </value>
            </param>
          </params>
          <reporter-output>
          </reporter-output>
        </test-method> <!-- setup -->
        <test-method signature="verify_LoginDDT(java.lang.String,java.lang.String,java.lang.String)[pri:0, instance:testCases.TC003_DDTLoginTest@1a9c38eb]" started-at="2024-06-25T13:40:25 IST" name="verify_LoginDDT" data-provider="LoginData" finished-at="2024-06-25T13:40:26 IST" duration-ms="1420" status="PASS">
          <params>
            <param index="0">
              <value>
                <![CDATA[mondler123@gmail.com]]>
              </value>
            </param>
            <param index="1">
              <value>
                <![CDATA[Mypractice123$]]>
              </value>
            </param>
            <param index="2">
              <value>
                <![CDATA[Valid]]>
              </value>
            </param>
          </params>
          <reporter-output>
          </reporter-output>
        </test-method> <!-- verify_LoginDDT -->
        <test-method signature="verify_LoginDDT(java.lang.String,java.lang.String,java.lang.String)[pri:0, instance:testCases.TC003_DDTLoginTest@1a9c38eb]" started-at="2024-06-25T13:40:26 IST" name="verify_LoginDDT" data-provider="LoginData" finished-at="2024-06-25T13:40:47 IST" duration-ms="20870" status="PASS">
          <params>
            <param index="0">
              <value>
                <![CDATA[abc@5412@gmail.com]]>
              </value>
            </param>
            <param index="1">
              <value>
                <![CDATA[Mytesting123$1]]>
              </value>
            </param>
            <param index="2">
              <value>
                <![CDATA[invalid]]>
              </value>
            </param>
          </params>
          <reporter-output>
          </reporter-output>
        </test-method> <!-- verify_LoginDDT -->
        <test-method signature="verify_LoginDDT(java.lang.String,java.lang.String,java.lang.String)[pri:0, instance:testCases.TC003_DDTLoginTest@1a9c38eb]" started-at="2024-06-25T13:40:47 IST" name="verify_LoginDDT" data-provider="LoginData" finished-at="2024-06-25T13:41:08 IST" duration-ms="21030" status="PASS">
          <params>
            <param index="0">
              <value>
                <![CDATA[abc@5413@gmail.com]]>
              </value>
            </param>
            <param index="1">
              <value>
                <![CDATA[Mytesting123$2]]>
              </value>
            </param>
            <param index="2">
              <value>
                <![CDATA[invalid]]>
              </value>
            </param>
          </params>
          <reporter-output>
          </reporter-output>
        </test-method> <!-- verify_LoginDDT -->
        <test-method signature="verify_LoginDDT(java.lang.String,java.lang.String,java.lang.String)[pri:0, instance:testCases.TC003_DDTLoginTest@1a9c38eb]" started-at="2024-06-25T13:41:08 IST" name="verify_LoginDDT" data-provider="LoginData" finished-at="2024-06-25T13:41:29 IST" duration-ms="21124" status="PASS">
          <params>
            <param index="0">
              <value>
                <![CDATA[abc@5413@gmail.com]]>
              </value>
            </param>
            <param index="1">
              <value>
                <![CDATA[Mytesting123$3]]>
              </value>
            </param>
            <param index="2">
              <value>
                <![CDATA[invalid]]>
              </value>
            </param>
          </params>
          <reporter-output>
          </reporter-output>
        </test-method> <!-- verify_LoginDDT -->
        <test-method signature="verify_LoginDDT(java.lang.String,java.lang.String,java.lang.String)[pri:0, instance:testCases.TC003_DDTLoginTest@1a9c38eb]" started-at="2024-06-25T13:41:29 IST" name="verify_LoginDDT" data-provider="LoginData" finished-at="2024-06-25T13:41:36 IST" duration-ms="6463" status="PASS">
          <params>
            <param index="0">
              <value>
                <![CDATA[abc123@gmail.com]]>
              </value>
            </param>
            <param index="1">
              <value>
                <![CDATA[test@123]]>
              </value>
            </param>
            <param index="2">
              <value>
                <![CDATA[valid]]>
              </value>
            </param>
          </params>
          <reporter-output>
          </reporter-output>
        </test-method> <!-- verify_LoginDDT -->
        <test-method is-config="true" signature="tearDown()[pri:0, instance:testCases.TC003_DDTLoginTest@1a9c38eb]" started-at="2024-06-25T13:41:36 IST" name="tearDown" finished-at="2024-06-25T13:41:36 IST" duration-ms="341" status="PASS">
          <reporter-output>
          </reporter-output>
        </test-method> <!-- tearDown -->
      </class> <!-- testCases.TC003_DDTLoginTest -->
    </test> <!-- Test -->
  </suite> <!-- Master Suite -->
</testng-results>
